#
# A fatal error has been detected by the Java Runtime Environment:
#
#  EXCEPTION_ACCESS_VIOLATION (0xc0000005) at pc=0x00007ffe20f64436, pid=15460, tid=21448
#
# JRE version: Java(TM) SE Runtime Environment (18.0.2+9) (build 18.0.2+9-61)
# Java VM: Java HotSpot(TM) 64-Bit Server VM (18.0.2+9-61, mixed mode, sharing, tiered, compressed oops, compressed class ptrs, g1 gc, windows-amd64)
# Problematic frame:
# V  [jvm.dll+0x324436]
#
# No core dump will be written. Minidumps are not enabled by default on client versions of Windows
#
# If you would like to submit a bug report, please visit:
#   https://bugreport.java.com/bugreport/crash.jsp
#

---------------  S U M M A R Y ------------

Command Line: -XX:+ShowCodeDetailsInExceptionMessages -agentlib:jdwp=transport=dt_socket,suspend=y,address=localhost:61540 -javaagent:C:\Users\siul_\eclipse\jee-2022-06\eclipse\configuration\org.eclipse.osgi\407\0\.cp\lib\javaagent-shaded.jar -Dfile.encoding=UTF-8 br.com.luis.challengebackend.ChallengeBackendApplication

Host: Intel(R) Core(TM) i5-9300H CPU @ 2.40GHz, 8 cores, 15G,  Windows 10 , 64 bit Build 19041 (10.0.19041.2251)
Time: Sat Dec  3 19:39:03 2022 Hora oficial do Brasil elapsed time: 5365.779159 seconds (0d 1h 29m 25s)

---------------  T H R E A D  ---------------

Current thread (0x000001b5c503ec20):  WorkerThread "GC Thread#0" [stack: 0x0000001fc4c00000,0x0000001fc4d00000] [id=21448]

Stack: [0x0000001fc4c00000,0x0000001fc4d00000],  sp=0x0000001fc4cfdf20,  free space=1015k
Native frames: (J=compiled Java code, j=interpreted, Vv=VM code, C=native code)
V  [jvm.dll+0x324436]
V  [jvm.dll+0x336118]
V  [jvm.dll+0x2e651b]
V  [jvm.dll+0x2e5fb4]
V  [jvm.dll+0x2e5f45]
V  [jvm.dll+0x7a4f56]
V  [jvm.dll+0x7a4de9]
V  [jvm.dll+0x7a53c0]
V  [jvm.dll+0x33673c]
V  [jvm.dll+0x3365d5]
V  [jvm.dll+0x33ebf4]
V  [jvm.dll+0x33ed6b]
V  [jvm.dll+0x820a44]
V  [jvm.dll+0x7a125a]
V  [jvm.dll+0x698275]
C  [ucrtbase.dll+0x21bb2]
C  [KERNEL32.DLL+0x174b4]
C  [ntdll.dll+0x526a1]

JavaThread 0x000001b5ee099210 (nid = 17464) was being processed
Java frames: (J=compiled Java code, j=interpreted, Vv=VM code)
j  java.lang.invoke.DirectMethodHandle$Holder.newInvokeSpecial(Ljava/lang/Object;)Ljava/lang/Object;+15 java.base@18.0.2
J 10988 c2 java.lang.reflect.Constructor.newInstanceWithCaller([Ljava/lang/Object;ZLjava/lang/Class;)Ljava/lang/Object; java.base@18.0.2 (51 bytes) @ 0x000001b5d4c13bb8 [0x000001b5d4c13720+0x0000000000000498]
J 16370 c2 org.springframework.beans.factory.support.AbstractAutowireCapableBeanFactory.createBeanInstance(Ljava/lang/String;Lorg/springframework/beans/factory/support/RootBeanDefinition;[Ljava/lang/Object;)Lorg/springframework/beans/BeanWrapper; (254 bytes) @ 0x000001b5d5206e50 [0x000001b5d5205fc0+0x0000000000000e90]
J 16381 c2 org.springframework.beans.factory.support.AbstractAutowireCapableBeanFactory.doCreateBean(Ljava/lang/String;Lorg/springframework/beans/factory/support/RootBeanDefinition;[Ljava/lang/Object;)Ljava/lang/Object; (507 bytes) @ 0x000001b5d520e910 [0x000001b5d520e740+0x00000000000001d0]
J 15702 c2 org.springframework.beans.factory.support.DefaultSingletonBeanRegistry.getSingleton(Ljava/lang/String;Lorg/springframework/beans/factory/ObjectFactory;)Ljava/lang/Object; (297 bytes) @ 0x000001b5d512c234 [0x000001b5d512b3a0+0x0000000000000e94]
J 8595 c2 org.springframework.beans.factory.support.AbstractBeanFactory.doGetBean(Ljava/lang/String;Ljava/lang/Class;[Ljava/lang/Object;Z)Ljava/lang/Object; (832 bytes) @ 0x000001b5d4a29f24 [0x000001b5d4a29320+0x0000000000000c04]
J 13848 c2 org.springframework.beans.factory.support.AbstractBeanFactory.getBean(Ljava/lang/String;)Ljava/lang/Object; (9 bytes) @ 0x000001b5d4f1c460 [0x000001b5d4f1c420+0x0000000000000040]
j  org.springframework.beans.factory.support.DefaultListableBeanFactory.preInstantiateSingletons()V+248
j  org.springframework.context.support.AbstractApplicationContext.finishBeanFactoryInitialization(Lorg/springframework/beans/factory/config/ConfigurableListableBeanFactory;)V+124
j  org.springframework.context.support.AbstractApplicationContext.refresh()V+86
j  org.springframework.boot.web.servlet.context.ServletWebServerApplicationContext.refresh()V+1
j  org.springframework.boot.SpringApplication.refresh(Lorg/springframework/context/ConfigurableApplicationContext;)V+1
j  org.springframework.boot.SpringApplication.refreshContext(Lorg/springframework/context/ConfigurableApplicationContext;)V+16
j  org.springframework.boot.SpringApplication.run([Ljava/lang/String;)Lorg/springframework/context/ConfigurableApplicationContext;+107
j  org.springframework.boot.SpringApplication.run([Ljava/lang/Class;[Ljava/lang/String;)Lorg/springframework/context/ConfigurableApplicationContext;+9
j  org.springframework.boot.SpringApplication.run(Ljava/lang/Class;[Ljava/lang/String;)Lorg/springframework/context/ConfigurableApplicationContext;+9
j  br.com.luis.challengebackend.ChallengeBackendApplication.main([Ljava/lang/String;)V+3
j  java.lang.invoke.LambdaForm$DMH+0x0000000800cac800.invokeStatic(Ljava/lang/Object;Ljava/lang/Object;)V+10 java.base@18.0.2
j  java.lang.invoke.LambdaForm$MH+0x0000000800cad800.invoke(Ljava/lang/Object;Ljava/lang/Object;Ljava/lang/Object;)Ljava/lang/Object;+33 java.base@18.0.2
J 9892 c2 java.lang.reflect.Method.invoke(Ljava/lang/Object;[Ljava/lang/Object;)Ljava/lang/Object; java.base@18.0.2 (108 bytes) @ 0x000001b5d4b7954c [0x000001b5d4b78e60+0x00000000000006ec]
j  org.springframework.boot.devtools.restart.RestartLauncher.run()V+42
v  ~StubRoutines::call_stub

siginfo: EXCEPTION_ACCESS_VIOLATION (0xc0000005), reading address 0x00000000000000b0


Register to memory mapping:

RIP=0x00007ffe20f64436 jvm.dll
RAX=0x0 is NULL
RBX=0x0000000000000001 is an unknown value
RCX=0x0000000000000001 is an unknown value
RDX=0x000000000000fe39 is an unknown value
RSP=0x0000001fc4cfdf20 points into unknown readable memory: 0x0000000000000000 | 00 00 00 00 00 00 00 00
RBP=0x0000000000000002 is an unknown value
RSI=0x0000001fc4cfe2b0 points into unknown readable memory: 0x0000001fc72fe708 | 08 e7 2f c7 1f 00 00 00
RDI=0x0000001fc72fe710 is pointing into the stack for thread: 0x000001b5ee099210
R8 =0x0000001fc72fe710 is pointing into the stack for thread: 0x000001b5ee099210
R9 =0x000000000dbe4300 is an unknown value
R10=0x0000001fc72fe710 is pointing into the stack for thread: 0x000001b5ee099210
R11=0x0000001fc4cfe168 points into unknown readable memory: 0x00007ffe20f25fb4 | b4 5f f2 20 fe 7f 00 00
R12=0x000000000dbe4300 is an unknown value
R13=0x00000008006df207 is pointing into metadata
R14=0x0000001fc72fe710 is pointing into the stack for thread: 0x000001b5ee099210
R15=0x000001b5edc8b810 points into unknown readable memory: 0x00007ffe21564db0 | b0 4d 56 21 fe 7f 00 00


Registers:
RAX=0x0000000000000000, RBX=0x0000000000000001, RCX=0x0000000000000001, RDX=0x000000000000fe39
RSP=0x0000001fc4cfdf20, RBP=0x0000000000000002, RSI=0x0000001fc4cfe2b0, RDI=0x0000001fc72fe710
R8 =0x0000001fc72fe710, R9 =0x000000000dbe4300, R10=0x0000001fc72fe710, R11=0x0000001fc4cfe168
R12=0x000000000dbe4300, R13=0x00000008006df207, R14=0x0000001fc72fe710, R15=0x000001b5edc8b810
RIP=0x00007ffe20f64436, EFLAGS=0x0000000000010206

Top of Stack: (sp=0x0000001fc4cfdf20)
0x0000001fc4cfdf20:   0000000000000000 000001b5ed050bc0
0x0000001fc4cfdf30:   000000000000015f 00007ffe212c8508
0x0000001fc4cfdf40:   000000000000015f 000001b5ecbc3030
0x0000001fc4cfdf50:   0000000000000000 00007ffe21351cc0
0x0000001fc4cfdf60:   0000001fc72fe710 0000000000000000
0x0000001fc4cfdf70:   000001b5eecf1418 0000000000000003
0x0000001fc4cfdf80:   0000000000000003 000001b5c4fea2d0
0x0000001fc4cfdf90:   0000000000000000 0000001fc72fe710
0x0000001fc4cfdfa0:   0000001fc4cfe2b0 0000001fc4cfe0f0
0x0000001fc4cfdfb0:   000001b5eecf1418 00007ffe20f76118
0x0000001fc4cfdfc0:   0000001fc4cf0000 0000001fc4cf0100
0x0000001fc4cfdfd0:   0000000800440068 0000001fc72fe710
0x0000001fc4cfdfe0:   000001b5eecf1418 00007ffe20f2651b
0x0000001fc4cfdff0:   0000000000000001 00000008004f59f8
0x0000001fc4cfe000:   000001b5eecf1418 0000001fc4cfe2b0
0x0000001fc4cfe010:   0000000000000001 00000008000c8c48 

Instructions: (pc=0x00007ffe20f64436)
0x00007ffe20f64336:   c3 48 8b 5c 24 40 48 8b 6c 24 48 48 8b 74 24 50
0x00007ffe20f64346:   48 83 c4 20 41 5f 41 5e 5f c3 40 53 55 56 57 41
0x00007ffe20f64356:   54 41 55 41 56 41 57 48 83 ec 58 80 3d d1 f7 80
0x00007ffe20f64366:   00 00 49 8b f9 4d 8b f0 0f b7 da 4c 8b f9 74 16
0x00007ffe20f64376:   45 8b 68 08 8b 0d 20 b6 79 00 49 d3 e5 4c 03 2d
0x00007ffe20f64386:   0e b6 79 00 eb 04 4d 8b 68 08 49 8b d5 49 8b ce
0x00007ffe20f64396:   e8 45 0b ea ff 4c 8b e0 48 89 bc 24 b8 00 00 00
0x00007ffe20f643a6:   33 c0 8b e8 0f b7 c3 66 c1 e8 08 66 89 84 24 a0
0x00007ffe20f643b6:   00 00 00 84 c0 75 3f 40 0f b6 cf f6 d1 f6 c1 01
0x00007ffe20f643c6:   75 05 48 8b ef eb 15 48 8d 54 24 40 48 8d 8c 24
0x00007ffe20f643d6:   b8 00 00 00 e8 91 09 30 00 48 8b 28 48 c1 ed 03
0x00007ffe20f643e6:   83 e5 0f 41 3b af 78 01 00 00 73 0a 66 89 9c 24
0x00007ffe20f643f6:   a8 00 00 00 eb 12 66 c7 84 24 a8 00 00 00 00 01
0x00007ffe20f64406:   0f b7 9c 24 a8 00 00 00 49 8b 47 08 49 8b d6 66
0x00007ffe20f64416:   c1 eb 08 8b 88 48 02 00 00 48 8b 80 38 02 00 00
0x00007ffe20f64426:   48 d3 ea 48 0f be cb 48 8b 04 d0 48 89 44 24 30
0x00007ffe20f64436:   44 8b 80 b0 00 00 00 49 8b 47 70 44 89 84 24 b0
0x00007ffe20f64446:   00 00 00 48 8b 54 c8 10 84 db 75 04 4a 8d 14 c2
0x00007ffe20f64456:   48 8b 0a 48 8b 71 38 48 8b 41 40 48 2b c6 48 c1
0x00007ffe20f64466:   e8 03 49 3b c4 72 0d 4a 8d 04 e6 48 89 41 38 48
0x00007ffe20f64476:   85 f6 75 3d 44 89 44 24 28 48 8d 94 24 a8 00 00
0x00007ffe20f64486:   00 4d 8b c6 89 6c 24 20 4d 8b cc 49 8b cf e8 87
0x00007ffe20f64496:   fa ff ff 48 8b f0 48 85 c0 75 16 4d 8b cc 4c 8b
0x00007ffe20f644a6:   c7 49 8b d6 49 8b cf e8 3e 07 00 00 e9 69 03 00
0x00007ffe20f644b6:   00 48 8d 0d 42 bb cd ff 49 83 fc 08 77 4d 42 8b
0x00007ffe20f644c6:   84 a1 34 48 32 00 48 03 c1 ff e0 49 8b 46 38 48
0x00007ffe20f644d6:   89 46 38 49 8b 46 30 48 89 46 30 49 8b 46 28 48
0x00007ffe20f644e6:   89 46 28 49 8b 46 20 48 89 46 20 49 8b 46 18 48
0x00007ffe20f644f6:   89 46 18 49 8b 46 10 48 89 46 10 49 8b 46 08 48
0x00007ffe20f64506:   89 46 08 49 8b 06 48 89 06 eb 13 4e 8d 04 e5 00
0x00007ffe20f64516:   00 00 00 49 8b d6 48 8b ce e8 ac bb 52 00 48 8b
0x00007ffe20f64526:   ce 48 8b c7 48 83 c9 03 f0 49 0f b1 0e 48 8b d8 


Stack slot to memory mapping:
stack at sp + 0 slots: 0x0 is NULL
stack at sp + 1 slots: 0x000001b5ed050bc0 points into unknown readable memory: 0x616c2f6176616a4c | 4c 6a 61 76 61 2f 6c 61
stack at sp + 2 slots: 0x000000000000015f is an unknown value
stack at sp + 3 slots: 0x00007ffe212c8508 jvm.dll
stack at sp + 4 slots: 0x000000000000015f is an unknown value
stack at sp + 5 slots: 0x000001b5ecbc3030 points into unknown readable memory: 0x000001b5ecc55740 | 40 57 c5 ec b5 01 00 00
stack at sp + 6 slots: 0x0 is NULL
stack at sp + 7 slots: 0x00007ffe21351cc0 jvm.dll


---------------  P R O C E S S  ---------------

Threads class SMR info:
_java_thread_list=0x000001b5eca7aae0, length=30, elements={
0x000001b5e546ea60, 0x000001b5e546f800, 0x000001b5e5487b50, 0x000001b5e5489500,
0x000001b5e5489ea0, 0x000001b5e5492990, 0x000001b5e5496970, 0x000001b5e5497260,
0x000001b5e5498420, 0x000001b5ec08da20, 0x000001b5ec170010, 0x000001b5ec170ea0,
0x000001b5ec2539c0, 0x000001b5ec7eb400, 0x000001b5ed328170, 0x000001b5f30573c0,
0x000001b5f305a8b0, 0x000001b5f30590a0, 0x000001b5ed327ca0, 0x000001b5ee0996e0,
0x000001b5ee09e8b0, 0x000001b5ee09d0a0, 0x000001b5ee097a00, 0x000001b5ee09da40,
0x000001b5ee098d40, 0x000001b5ee099210, 0x000001b5ee09a550, 0x000001b5ee09df10,
0x000001b5ee09b890, 0x000001b5ee097060
}

Java Threads: ( => current thread )
  0x000001b5e546ea60 JavaThread "Reference Handler" daemon [_thread_blocked, id=10872, stack(0x0000001fc5200000,0x0000001fc5300000)]
  0x000001b5e546f800 JavaThread "Finalizer" daemon [_thread_blocked, id=22276, stack(0x0000001fc5300000,0x0000001fc5400000)]
  0x000001b5e5487b50 JavaThread "Signal Dispatcher" daemon [_thread_blocked, id=22928, stack(0x0000001fc5400000,0x0000001fc5500000)]
  0x000001b5e5489500 JavaThread "Attach Listener" daemon [_thread_blocked, id=15568, stack(0x0000001fc5500000,0x0000001fc5600000)]
  0x000001b5e5489ea0 JavaThread "Service Thread" daemon [_thread_blocked, id=28804, stack(0x0000001fc5600000,0x0000001fc5700000)]
  0x000001b5e5492990 JavaThread "Monitor Deflation Thread" daemon [_thread_blocked, id=26036, stack(0x0000001fc5700000,0x0000001fc5800000)]
  0x000001b5e5496970 JavaThread "C2 CompilerThread0" daemon [_thread_blocked, id=22632, stack(0x0000001fc5800000,0x0000001fc5900000)]
  0x000001b5e5497260 JavaThread "C1 CompilerThread0" daemon [_thread_blocked, id=16664, stack(0x0000001fc5900000,0x0000001fc5a00000)]
  0x000001b5e5498420 JavaThread "Sweeper thread" daemon [_thread_blocked, id=14860, stack(0x0000001fc5a00000,0x0000001fc5b00000)]
  0x000001b5ec08da20 JavaThread "Common-Cleaner" daemon [_thread_blocked, id=16608, stack(0x0000001fc5b00000,0x0000001fc5c00000)]
  0x000001b5ec170010 JavaThread "JDWP Transport Listener: dt_socket" daemon [_thread_blocked, id=22036, stack(0x0000001fc5c00000,0x0000001fc5d00000)]
  0x000001b5ec170ea0 JavaThread "JDWP Event Helper Thread" daemon [_thread_blocked, id=24448, stack(0x0000001fc5d00000,0x0000001fc5e00000)]
  0x000001b5ec2539c0 JavaThread "JDWP Command Reader" daemon [_thread_in_native, id=29092, stack(0x0000001fc5e00000,0x0000001fc5f00000)]
  0x000001b5ec7eb400 JavaThread "Notification Thread" daemon [_thread_blocked, id=24800, stack(0x0000001fc6000000,0x0000001fc6100000)]
  0x000001b5ed328170 JavaThread "mysql-cj-abandoned-connection-cleanup" daemon [_thread_blocked, id=16780, stack(0x0000001fc7000000,0x0000001fc7100000)]
  0x000001b5f30573c0 JavaThread "Live Reload Server" daemon [_thread_in_native, id=27796, stack(0x0000001fc7600000,0x0000001fc7700000)]
  0x000001b5f305a8b0 JavaThread "DestroyJavaVM" [_thread_blocked, id=13652, stack(0x0000001fc4b00000,0x0000001fc4c00000)]
  0x000001b5f30590a0 JavaThread "File Watcher" daemon [_thread_blocked, id=16316, stack(0x0000001fc4900000,0x0000001fc4a00000)]
  0x000001b5ed327ca0 JavaThread "File Watcher" daemon [_thread_blocked, id=24916, stack(0x0000001fc4a00000,0x0000001fc4b00000)]
  0x000001b5ee0996e0 JavaThread "File Watcher" daemon [_thread_blocked, id=6028, stack(0x0000001fc5f00000,0x0000001fc6000000)]
  0x000001b5ee09e8b0 JavaThread "File Watcher" daemon [_thread_blocked, id=26648, stack(0x0000001fc6900000,0x0000001fc6a00000)]
  0x000001b5ee09d0a0 JavaThread "File Watcher" daemon [_thread_blocked, id=22892, stack(0x0000001fc6a00000,0x0000001fc6b00000)]
  0x000001b5ee097a00 JavaThread "File Watcher" daemon [_thread_blocked, id=5716, stack(0x0000001fc6e00000,0x0000001fc6f00000)]
  0x000001b5ee09da40 JavaThread "File Watcher" daemon [_thread_blocked, id=22164, stack(0x0000001fc6c00000,0x0000001fc6d00000)]
  0x000001b5ee098d40 JavaThread "Thread-196" [_thread_blocked, id=1432, stack(0x0000001fc7100000,0x0000001fc7200000)]
  0x000001b5ee099210 JavaThread "restartedMain" [_thread_blocked, id=17464, stack(0x0000001fc7200000,0x0000001fc7300000)]
  0x000001b5ee09a550 JavaThread "Catalina-utility-1" [_thread_blocked, id=22824, stack(0x0000001fc7300000,0x0000001fc7400000)]
  0x000001b5ee09df10 JavaThread "Catalina-utility-2" [_thread_blocked, id=20396, stack(0x0000001fc7400000,0x0000001fc7500000)]
  0x000001b5ee09b890 JavaThread "container-7" [_thread_blocked, id=17348, stack(0x0000001fc7500000,0x0000001fc7600000)]
  0x000001b5ee097060 JavaThread "HikariPool-52 housekeeper" daemon [_thread_blocked, id=23200, stack(0x0000001fc7700000,0x0000001fc7800000)]

Other Threads:
  0x000001b5e5469e30 VMThread "VM Thread" [stack: 0x0000001fc5100000,0x0000001fc5200000] [id=25628]
  0x000001b5c4fcfb10 WatcherThread "VM Periodic Task Thread" [stack: 0x0000001fc6100000,0x0000001fc6200000] [id=10372]
=>0x000001b5c503ec20 WorkerThread "GC Thread#0" [stack: 0x0000001fc4c00000,0x0000001fc4d00000] [id=21448]
  0x000001b5ecd3ca60 WorkerThread "GC Thread#1" [stack: 0x0000001fc6200000,0x0000001fc6300000] [id=28400]
  0x000001b5ec3f91d0 WorkerThread "GC Thread#2" [stack: 0x0000001fc6300000,0x0000001fc6400000] [id=14020]
  0x000001b5ec3f9470 WorkerThread "GC Thread#3" [stack: 0x0000001fc6400000,0x0000001fc6500000] [id=28524]
  0x000001b5eccda4d0 WorkerThread "GC Thread#4" [stack: 0x0000001fc6500000,0x0000001fc6600000] [id=9924]
  0x000001b5eccda770 WorkerThread "GC Thread#5" [stack: 0x0000001fc6600000,0x0000001fc6700000] [id=20304]
  0x000001b5ec3fa2d0 WorkerThread "GC Thread#6" [stack: 0x0000001fc6700000,0x0000001fc6800000] [id=25240]
  0x000001b5ecc9d420 WorkerThread "GC Thread#7" [stack: 0x0000001fc6800000,0x0000001fc6900000] [id=948]
  0x000001b5c504d110 ConcurrentGCThread "G1 Main Marker" [stack: 0x0000001fc4d00000,0x0000001fc4e00000] [id=9416]
  0x000001b5c504db00 WorkerThread "G1 Conc#0" [stack: 0x0000001fc4e00000,0x0000001fc4f00000] [id=24064]
  0x000001b5edb83c70 WorkerThread "G1 Conc#1" [stack: 0x0000001fc6d00000,0x0000001fc6e00000] [id=24440]
  0x000001b5c508dc10 ConcurrentGCThread "G1 Refine#0" [stack: 0x0000001fc4f00000,0x0000001fc5000000] [id=29068]
  0x000001b5c508e520 ConcurrentGCThread "G1 Service" [stack: 0x0000001fc5000000,0x0000001fc5100000] [id=25212]

Threads with active compile tasks:

VM state: at safepoint (normal execution)

VM Mutex/Monitor currently owned by a thread:  ([mutex/lock_event])
[0x000001b5c4fcb810] Threads_lock - owner thread: 0x000001b5e5469e30
[0x000001b5c4fcc110] Heap_lock - owner thread: 0x000001b5ee0996e0

Heap address: 0x0000000702800000, size: 4056 MB, Compressed Oops mode: Zero based, Oop shift amount: 3

CDS archive(s) mapped at: [0x0000000800000000-0x0000000800ba0000-0x0000000800ba0000), size 12189696, SharedBaseAddress: 0x0000000800000000, ArchiveRelocationMode: 0.
Compressed class space mapped at: 0x0000000800c00000-0x0000000840c00000, reserved size: 1073741824
Narrow klass base: 0x0000000800000000, Narrow klass shift: 0, Narrow klass range: 0x100000000

GC Precious Log:
 CardTable entry size: 512
 Card Set container configuration: InlinePtr #cards 4 size 8 Array Of Cards #cards 16 size 48 Howl #buckets 8 coarsen threshold 3686 Howl Bitmap #cards 512 size 80 coarsen threshold 460 Card regions per heap region 1 cards per card region 4096
 CPUs: 8 total, 8 available
 Memory: 16221M
 Large Page Support: Disabled
 NUMA Support: Disabled
 Compressed Oops: Enabled (Zero based)
 Heap Region Size: 2M
 Heap Min Capacity: 8M
 Heap Initial Capacity: 254M
 Heap Max Capacity: 4056M
 Pre-touch: Disabled
 Parallel Workers: 8
 Concurrent Workers: 2
 Concurrent Refinement Workers: 8
 Periodic GC: Disabled

Heap:
 garbage-first heap   total 102400K, used 81233K [0x0000000702800000, 0x0000000800000000)
  region size 2048K, 23 young (47104K), 1 survivors (2048K)
 Metaspace       used 89610K, committed 90688K, reserved 1179648K
  class space    used 9968K, committed 10496K, reserved 1048576K

Heap Regions: E=young(eden), S=young(survivor), O=old, HS=humongous(starts), HC=humongous(continues), CS=collection set, F=free, OA=open archive, CA=closed archive, TAMS=top-at-mark-start (previous, next)
|   0|0x0000000702800000, 0x0000000702a00000, 0x0000000702a00000|100%| O|  |TAMS 0x0000000702a00000, 0x0000000702800000| Untracked 
|   1|0x0000000702a00000, 0x0000000702bffff0, 0x0000000702c00000| 99%| O|  |TAMS 0x0000000702bffff0, 0x0000000702a00000| Untracked 
|   2|0x0000000702c00000, 0x0000000702dffff8, 0x0000000702e00000| 99%| O|  |TAMS 0x0000000702dffff8, 0x0000000702c00000| Untracked 
|   3|0x0000000702e00000, 0x0000000702fffff8, 0x0000000703000000| 99%| O|  |TAMS 0x0000000702fffff8, 0x0000000702e00000| Untracked 
|   4|0x0000000703000000, 0x00000007031fffc8, 0x0000000703200000| 99%| O|  |TAMS 0x00000007031fffc8, 0x0000000703000000| Untracked 
|   5|0x0000000703200000, 0x00000007033fffe0, 0x0000000703400000| 99%| O|  |TAMS 0x00000007033fffe0, 0x0000000703200000| Untracked 
|   6|0x0000000703400000, 0x00000007035fff60, 0x0000000703600000| 99%| O|  |TAMS 0x00000007035fff60, 0x0000000703400000| Untracked 
|   7|0x0000000703600000, 0x00000007037ffff8, 0x0000000703800000| 99%| O|  |TAMS 0x00000007037ffff8, 0x0000000703600000| Untracked 
|   8|0x0000000703800000, 0x0000000703a00000, 0x0000000703a00000|100%| O|  |TAMS 0x0000000703a00000, 0x0000000703800000| Untracked 
|   9|0x0000000703a00000, 0x0000000703bffff0, 0x0000000703c00000| 99%| O|  |TAMS 0x0000000703bffff0, 0x0000000703a00000| Untracked 
|  10|0x0000000703c00000, 0x0000000703dfff88, 0x0000000703e00000| 99%| O|  |TAMS 0x0000000703dfff88, 0x0000000703c00000| Untracked 
|  11|0x0000000703e00000, 0x0000000703ffffe8, 0x0000000704000000| 99%| O|  |TAMS 0x0000000703ffffe8, 0x0000000703e00000| Untracked 
|  12|0x0000000704000000, 0x00000007041a7e38, 0x0000000704200000| 82%| O|  |TAMS 0x0000000704000000, 0x0000000704000000| Untracked 
|  13|0x0000000704200000, 0x00000007043fffd0, 0x0000000704400000| 99%| O|  |TAMS 0x00000007043fffd0, 0x0000000704200000| Untracked 
|  14|0x0000000704400000, 0x00000007045ee290, 0x0000000704600000| 96%| O|  |TAMS 0x0000000704400000, 0x0000000704400000| Untracked 
|  15|0x0000000704600000, 0x0000000704737440, 0x0000000704800000| 60%| O|  |TAMS 0x0000000704600000, 0x0000000704600000| Untracked 
|  16|0x0000000704800000, 0x0000000704932348, 0x0000000704a00000| 59%| O|  |TAMS 0x0000000704800000, 0x0000000704800000| Untracked 
|  17|0x0000000704a00000, 0x0000000704c00000, 0x0000000704c00000|100%| O|  |TAMS 0x0000000704a00000, 0x0000000704a00000| Untracked 
|  18|0x0000000704c00000, 0x0000000704d17120, 0x0000000704e00000| 54%| O|  |TAMS 0x0000000704c00000, 0x0000000704c00000| Untracked 
|  19|0x0000000704e00000, 0x0000000704e00000, 0x0000000705000000|  0%| F|  |TAMS 0x0000000704e00000, 0x0000000704e00000| Untracked 
|  20|0x0000000705000000, 0x0000000705000000, 0x0000000705200000|  0%| F|  |TAMS 0x0000000705000000, 0x0000000705000000| Untracked 
|  21|0x0000000705200000, 0x0000000705200000, 0x0000000705400000|  0%| F|  |TAMS 0x0000000705200000, 0x0000000705200000| Untracked 
|  22|0x0000000705400000, 0x0000000705400000, 0x0000000705600000|  0%| F|  |TAMS 0x0000000705400000, 0x0000000705400000| Untracked 
|  23|0x0000000705600000, 0x0000000705600000, 0x0000000705800000|  0%| F|  |TAMS 0x0000000705600000, 0x0000000705600000| Untracked 
|  24|0x0000000705800000, 0x0000000705800000, 0x0000000705a00000|  0%| F|  |TAMS 0x0000000705800000, 0x0000000705800000| Untracked 
|  25|0x0000000705a00000, 0x0000000705b54ec0, 0x0000000705c00000| 66%| E|CS|TAMS 0x0000000705a00000, 0x0000000705a00000| Complete 
|  26|0x0000000705c00000, 0x0000000705e00000, 0x0000000705e00000|100%| E|CS|TAMS 0x0000000705c00000, 0x0000000705c00000| Complete 
|  27|0x0000000705e00000, 0x0000000705e59358, 0x0000000706000000| 17%| S|  |TAMS 0x0000000705e00000, 0x0000000705e00000| Complete 
|  28|0x0000000706000000, 0x0000000706200000, 0x0000000706200000|100%| E|CS|TAMS 0x0000000706000000, 0x0000000706000000| Complete 
|  29|0x0000000706200000, 0x0000000706400000, 0x0000000706400000|100%| E|CS|TAMS 0x0000000706200000, 0x0000000706200000| Complete 
|  30|0x0000000706400000, 0x0000000706600000, 0x0000000706600000|100%| E|CS|TAMS 0x0000000706400000, 0x0000000706400000| Complete 
|  31|0x0000000706600000, 0x0000000706800000, 0x0000000706800000|100%| E|CS|TAMS 0x0000000706600000, 0x0000000706600000| Complete 
|  32|0x0000000706800000, 0x0000000706a00000, 0x0000000706a00000|100%| E|CS|TAMS 0x0000000706800000, 0x0000000706800000| Complete 
|  33|0x0000000706a00000, 0x0000000706c00000, 0x0000000706c00000|100%| E|CS|TAMS 0x0000000706a00000, 0x0000000706a00000| Complete 
|  34|0x0000000706c00000, 0x0000000706e00000, 0x0000000706e00000|100%| E|CS|TAMS 0x0000000706c00000, 0x0000000706c00000| Complete 
|  35|0x0000000706e00000, 0x0000000707000000, 0x0000000707000000|100%| E|CS|TAMS 0x0000000706e00000, 0x0000000706e00000| Complete 
|  36|0x0000000707000000, 0x0000000707200000, 0x0000000707200000|100%| E|CS|TAMS 0x0000000707000000, 0x0000000707000000| Complete 
|  37|0x0000000707200000, 0x0000000707400000, 0x0000000707400000|100%| E|CS|TAMS 0x0000000707200000, 0x0000000707200000| Complete 
|  38|0x0000000707400000, 0x0000000707600000, 0x0000000707600000|100%| E|CS|TAMS 0x0000000707400000, 0x0000000707400000| Complete 
|  39|0x0000000707600000, 0x0000000707800000, 0x0000000707800000|100%| E|CS|TAMS 0x0000000707600000, 0x0000000707600000| Complete 
|  40|0x0000000707800000, 0x0000000707a00000, 0x0000000707a00000|100%| E|CS|TAMS 0x0000000707800000, 0x0000000707800000| Complete 
|  41|0x0000000707a00000, 0x0000000707c00000, 0x0000000707c00000|100%| E|CS|TAMS 0x0000000707a00000, 0x0000000707a00000| Complete 
|  42|0x0000000707c00000, 0x0000000707e00000, 0x0000000707e00000|100%| E|CS|TAMS 0x0000000707c00000, 0x0000000707c00000| Complete 
|  43|0x0000000707e00000, 0x0000000708000000, 0x0000000708000000|100%| E|CS|TAMS 0x0000000707e00000, 0x0000000707e00000| Complete 
|  44|0x0000000708000000, 0x0000000708200000, 0x0000000708200000|100%| E|CS|TAMS 0x0000000708000000, 0x0000000708000000| Complete 
|  45|0x0000000708200000, 0x0000000708400000, 0x0000000708400000|100%| E|CS|TAMS 0x0000000708200000, 0x0000000708200000| Complete 
|  46|0x0000000708400000, 0x0000000708600000, 0x0000000708600000|100%| E|CS|TAMS 0x0000000708400000, 0x0000000708400000| Complete 
|  47|0x0000000708600000, 0x0000000708800000, 0x0000000708800000|100%| E|CS|TAMS 0x0000000708600000, 0x0000000708600000| Complete 
|  48|0x0000000708800000, 0x0000000708a00000, 0x0000000708a00000|100%| E|CS|TAMS 0x0000000708800000, 0x0000000708800000| Complete 
|  49|0x0000000708a00000, 0x0000000708c00000, 0x0000000708c00000|100%| E|CS|TAMS 0x0000000708a00000, 0x0000000708a00000| Complete 

Card table byte_map: [0x000001b5dc430000,0x000001b5dcc20000] _byte_map_base: 0x000001b5d8c1c000

Marking Bits (Prev, Next): (CMBitMap*) 0x000001b5c503f260, (CMBitMap*) 0x000001b5c503f220
 Prev Bits: [0x000001b5e1370000, 0x000001b5e52d0000)
 Next Bits: [0x000001b5dd410000, 0x000001b5e1370000)

Polling page: 0x000001b5c2f40000

Metaspace:

Usage:
  Non-class:     77.78 MB used.
      Class:      9.73 MB used.
       Both:     87.51 MB used.

Virtual space:
  Non-class space:      128.00 MB reserved,      78.31 MB ( 61%) committed,  2 nodes.
      Class space:        1.00 GB reserved,      10.25 MB (  1%) committed,  1 nodes.
             Both:        1.12 GB reserved,      88.56 MB (  8%) committed. 

Chunk freelists:
   Non-Class:  1.69 MB
       Class:  1.80 MB
        Both:  3.48 MB

MaxMetaspaceSize: unlimited
CompressedClassSpaceSize: 1.00 GB
Initial GC threshold: 21.00 MB
Current GC threshold: 147.44 MB
CDS: on
MetaspaceReclaimPolicy: balanced
 - commit_granule_bytes: 65536.
 - commit_granule_words: 8192.
 - virtual_space_node_default_size: 8388608.
 - enlarge_chunks_in_place: 1.
 - new_chunks_are_fully_committed: 0.
 - uncommit_free_chunks: 1.
 - use_allocation_guard: 0.


Internal statistics:

num_allocs_failed_limit: 9.
num_arena_births: 1134.
num_arena_deaths: 426.
num_vsnodes_births: 3.
num_vsnodes_deaths: 0.
num_space_committed: 1417.
num_space_uncommitted: 0.
num_chunks_returned_to_freelist: 533.
num_chunks_taken_from_freelist: 5162.
num_chunk_merges: 111.
num_chunk_splits: 3086.
num_chunks_enlarged: 2183.
num_inconsistent_stats: 0.

CodeHeap 'non-profiled nmethods': size=120000Kb used=17581Kb max_used=17581Kb free=102419Kb
 bounds [0x000001b5d43d0000, 0x000001b5d5500000, 0x000001b5db900000]
CodeHeap 'profiled nmethods': size=120000Kb used=32057Kb max_used=32057Kb free=87942Kb
 bounds [0x000001b5ccea0000, 0x000001b5cee00000, 0x000001b5d43d0000]
CodeHeap 'non-nmethods': size=5760Kb used=1436Kb max_used=1574Kb free=4323Kb
 bounds [0x000001b5cc900000, 0x000001b5ccb70000, 0x000001b5ccea0000]
 total_blobs=16226 nmethods=15536 adapters=600
 compilation: enabled
              stopped_count=0, restarted_count=0
 full_count=0

Compilation events (20 events):
Event: 5217.255 Thread 0x000001b5e5497260 nmethod 19090 0x000001b5cedef610 code [0x000001b5cedef840, 0x000001b5cedf0318]
Event: 5217.255 Thread 0x000001b5e5497260 19091       3       org.hibernate.loader.plan.exec.internal.AbstractLoadQueryDetails::getAliasResolutionContext (8 bytes)
Event: 5217.255 Thread 0x000001b5e5497260 nmethod 19091 0x000001b5cedf0690 code [0x000001b5cedf0820, 0x000001b5cedf0958]
Event: 5217.284 Thread 0x000001b5e5496970 nmethod 19087 0x000001b5d54d3d90 code [0x000001b5d54d3fc0, 0x000001b5d54d56d8]
Event: 5217.284 Thread 0x000001b5e5496970 19088       4       net.bytebuddy.matcher.FilterableList$AbstractBase::filter (80 bytes)
Event: 5217.300 Thread 0x000001b5e5496970 nmethod 19088 0x000001b5d54d6390 code [0x000001b5d54d65c0, 0x000001b5d54d7638]
Event: 5217.399 Thread 0x000001b5e5496970 19092       4       sun.security.ssl.SignatureScheme::getPreferableAlgorithm (84 bytes)
Event: 5217.411 Thread 0x000001b5e5496970 nmethod 19092 0x000001b5d54d8190 code [0x000001b5d54d8360, 0x000001b5d54d8c38]
Event: 5217.424 Thread 0x000001b5e5496970 19093   !   4       com.mysql.cj.protocol.a.NativeProtocol::send (136 bytes)
Event: 5217.475 Thread 0x000001b5e5496970 nmethod 19093 0x000001b5d54d9690 code [0x000001b5d54d9940, 0x000001b5d54dd190]
Event: 5217.475 Thread 0x000001b5e5496970 19095       4       sun.security.util.math.intpoly.IntegerPolynomial::decode (148 bytes)
Event: 5217.478 Thread 0x000001b5e5496970 nmethod 19095 0x000001b5d54df290 code [0x000001b5d54df420, 0x000001b5d54df6d8]
Event: 5217.478 Thread 0x000001b5e5496970 19094  s    4       java.io.BufferedOutputStream::write (35 bytes)
Event: 5217.479 Thread 0x000001b5e5496970 nmethod 19094 0x000001b5d54df890 code [0x000001b5d54dfa00, 0x000001b5d54dfc38]
Event: 5217.480 Thread 0x000001b5e5496970 19096       4       com.mysql.cj.protocol.a.NativeProtocol::read (56 bytes)
Event: 5217.506 Thread 0x000001b5e5497260 19097       3       com.mysql.cj.conf.DefaultPropertySet::getEnumProperty (6 bytes)
Event: 5217.507 Thread 0x000001b5e5497260 nmethod 19097 0x000001b5cedf0a10 code [0x000001b5cedf0ba0, 0x000001b5cedf0d68]
Event: 5217.609 Thread 0x000001b5e5496970 nmethod 19096 0x000001b5d54dfd90 code [0x000001b5d54e0260, 0x000001b5d54e5ae0]
Event: 5217.609 Thread 0x000001b5e5496970 19098       4       sun.security.ec.ECOperations::setSum (681 bytes)
Event: 5217.991 Thread 0x000001b5e5496970 nmethod 19098 0x000001b5d54e9710 code [0x000001b5d54e9e80, 0x000001b5d54f5770]

GC Heap History (20 events):
Event: 5098.485 GC heap after
{Heap after GC invocations=151 (full 40):
 garbage-first heap   total 102400K, used 35326K [0x0000000702800000, 0x0000000800000000)
  region size 2048K, 2 young (4096K), 2 survivors (4096K)
 Metaspace       used 87899K, committed 88960K, reserved 1179648K
  class space    used 9858K, committed 10368K, reserved 1048576K
}
Event: 5107.214 GC heap before
{Heap before GC invocations=151 (full 40):
 garbage-first heap   total 102400K, used 61950K [0x0000000702800000, 0x0000000800000000)
  region size 2048K, 16 young (32768K), 2 survivors (4096K)
 Metaspace       used 87961K, committed 89024K, reserved 1179648K
  class space    used 9862K, committed 10368K, reserved 1048576K
}
Event: 5107.269 GC heap after
{Heap after GC invocations=152 (full 41):
 garbage-first heap   total 102400K, used 32151K [0x0000000702800000, 0x0000000800000000)
  region size 2048K, 0 young (0K), 0 survivors (0K)
 Metaspace       used 87952K, committed 89024K, reserved 1179648K
  class space    used 9861K, committed 10368K, reserved 1048576K
}
Event: 5107.666 GC heap before
{Heap before GC invocations=152 (full 41):
 garbage-first heap   total 102400K, used 79255K [0x0000000702800000, 0x0000000800000000)
  region size 2048K, 24 young (49152K), 0 survivors (0K)
 Metaspace       used 88251K, committed 89344K, reserved 1179648K
  class space    used 9884K, committed 10368K, reserved 1048576K
}
Event: 5107.668 GC heap after
{Heap after GC invocations=153 (full 41):
 garbage-first heap   total 102400K, used 35812K [0x0000000702800000, 0x0000000800000000)
  region size 2048K, 2 young (4096K), 2 survivors (4096K)
 Metaspace       used 88251K, committed 89344K, reserved 1179648K
  class space    used 9884K, committed 10368K, reserved 1048576K
}
Event: 5152.303 GC heap before
{Heap before GC invocations=153 (full 41):
 garbage-first heap   total 102400K, used 76772K [0x0000000702800000, 0x0000000800000000)
  region size 2048K, 23 young (47104K), 2 survivors (4096K)
 Metaspace       used 88603K, committed 89728K, reserved 1179648K
  class space    used 9903K, committed 10368K, reserved 1048576K
}
Event: 5152.357 GC heap after
{Heap after GC invocations=154 (full 42):
 garbage-first heap   total 102400K, used 32372K [0x0000000702800000, 0x0000000800000000)
  region size 2048K, 0 young (0K), 0 survivors (0K)
 Metaspace       used 88594K, committed 89728K, reserved 1179648K
  class space    used 9901K, committed 10368K, reserved 1048576K
}
Event: 5152.761 GC heap before
{Heap before GC invocations=154 (full 42):
 garbage-first heap   total 102400K, used 79476K [0x0000000702800000, 0x0000000800000000)
  region size 2048K, 23 young (47104K), 0 survivors (0K)
 Metaspace       used 88907K, committed 90048K, reserved 1179648K
  class space    used 9924K, committed 10432K, reserved 1048576K
}
Event: 5152.764 GC heap after
{Heap after GC invocations=155 (full 42):
 garbage-first heap   total 102400K, used 36019K [0x0000000702800000, 0x0000000800000000)
  region size 2048K, 2 young (4096K), 2 survivors (4096K)
 Metaspace       used 88907K, committed 90048K, reserved 1179648K
  class space    used 9924K, committed 10432K, reserved 1048576K
}
Event: 5154.408 GC heap before
{Heap before GC invocations=155 (full 42):
 garbage-first heap   total 102400K, used 64691K [0x0000000702800000, 0x0000000800000000)
  region size 2048K, 17 young (34816K), 2 survivors (4096K)
 Metaspace       used 89140K, committed 90240K, reserved 1179648K
  class space    used 9931K, committed 10432K, reserved 1048576K
}
Event: 5154.463 GC heap after
{Heap after GC invocations=156 (full 43):
 garbage-first heap   total 102400K, used 32599K [0x0000000702800000, 0x0000000800000000)
  region size 2048K, 0 young (0K), 0 survivors (0K)
 Metaspace       used 89131K, committed 90240K, reserved 1179648K
  class space    used 9929K, committed 10432K, reserved 1048576K
}
Event: 5154.813 GC heap before
{Heap before GC invocations=156 (full 43):
 garbage-first heap   total 102400K, used 75607K [0x0000000702800000, 0x0000000800000000)
  region size 2048K, 22 young (45056K), 0 survivors (0K)
 Metaspace       used 89380K, committed 90432K, reserved 1179648K
  class space    used 9949K, committed 10432K, reserved 1048576K
}
Event: 5154.816 GC heap after
{Heap after GC invocations=157 (full 43):
 garbage-first heap   total 102400K, used 36282K [0x0000000702800000, 0x0000000800000000)
  region size 2048K, 2 young (4096K), 2 survivors (4096K)
 Metaspace       used 89380K, committed 90432K, reserved 1179648K
  class space    used 9949K, committed 10432K, reserved 1048576K
}
Event: 5197.756 GC heap before
{Heap before GC invocations=157 (full 43):
 garbage-first heap   total 102400K, used 79290K [0x0000000702800000, 0x0000000800000000)
  region size 2048K, 23 young (47104K), 2 survivors (4096K)
 Metaspace       used 89467K, committed 90560K, reserved 1179648K
  class space    used 9955K, committed 10496K, reserved 1048576K
}
Event: 5197.759 GC heap after
{Heap after GC invocations=158 (full 43):
 garbage-first heap   total 102400K, used 36941K [0x0000000702800000, 0x0000000800000000)
  region size 2048K, 1 young (2048K), 1 survivors (2048K)
 Metaspace       used 89467K, committed 90560K, reserved 1179648K
  class space    used 9955K, committed 10496K, reserved 1048576K
}
Event: 5216.879 GC heap before
{Heap before GC invocations=158 (full 43):
 garbage-first heap   total 102400K, used 43085K [0x0000000702800000, 0x0000000800000000)
  region size 2048K, 5 young (10240K), 1 survivors (2048K)
 Metaspace       used 89471K, committed 90560K, reserved 1179648K
  class space    used 9956K, committed 10496K, reserved 1048576K
}
Event: 5216.933 GC heap after
{Heap after GC invocations=159 (full 44):
 garbage-first heap   total 102400K, used 32765K [0x0000000702800000, 0x0000000800000000)
  region size 2048K, 0 young (0K), 0 survivors (0K)
 Metaspace       used 89461K, committed 90560K, reserved 1179648K
  class space    used 9954K, committed 10496K, reserved 1048576K
}
Event: 5220.267 GC heap before
{Heap before GC invocations=159 (full 44):
 garbage-first heap   total 102400K, used 79869K [0x0000000702800000, 0x0000000800000000)
  region size 2048K, 23 young (47104K), 0 survivors (0K)
 Metaspace       used 89595K, committed 90688K, reserved 1179648K
  class space    used 9966K, committed 10496K, reserved 1048576K
}
Event: 5220.269 GC heap after
{Heap after GC invocations=160 (full 44):
 garbage-first heap   total 102400K, used 36177K [0x0000000702800000, 0x0000000800000000)
  region size 2048K, 2 young (4096K), 2 survivors (4096K)
 Metaspace       used 89595K, committed 90688K, reserved 1179648K
  class space    used 9966K, committed 10496K, reserved 1048576K
}
Event: 5365.759 GC heap before
{Heap before GC invocations=160 (full 44):
 garbage-first heap   total 102400K, used 81233K [0x0000000702800000, 0x0000000800000000)
  region size 2048K, 24 young (49152K), 2 survivors (4096K)
 Metaspace       used 89610K, committed 90688K, reserved 1179648K
  class space    used 9968K, committed 10496K, reserved 1048576K
}

Deoptimization events (20 events):
Event: 5217.494 Thread 0x000001b5efd13570 DEOPT PACKING pc=0x000001b5ce675ea4 sp=0x0000001fc78fdae0
Event: 5217.494 Thread 0x000001b5efd13570 DEOPT UNPACKING pc=0x000001b5cc952b43 sp=0x0000001fc78fcfc0 mode 1
Event: 5217.516 Thread 0x000001b5efd13570 DEOPT PACKING pc=0x000001b5ce4de409 sp=0x0000001fc78fd870
Event: 5217.516 Thread 0x000001b5efd13570 DEOPT UNPACKING pc=0x000001b5cc952b43 sp=0x0000001fc78fcd60 mode 1
Event: 5217.516 Thread 0x000001b5efd13570 DEOPT PACKING pc=0x000001b5cd741704 sp=0x0000001fc78fd910
Event: 5217.516 Thread 0x000001b5efd13570 DEOPT UNPACKING pc=0x000001b5cc952b43 sp=0x0000001fc78fce40 mode 1
Event: 5217.516 Thread 0x000001b5efd13570 DEOPT PACKING pc=0x000001b5cdd88e64 sp=0x0000001fc78fda00
Event: 5217.516 Thread 0x000001b5efd13570 DEOPT UNPACKING pc=0x000001b5cc952b43 sp=0x0000001fc78fcf20 mode 1
Event: 5217.516 Thread 0x000001b5efd13570 DEOPT PACKING pc=0x000001b5ce675ea4 sp=0x0000001fc78fdae0
Event: 5217.516 Thread 0x000001b5efd13570 DEOPT UNPACKING pc=0x000001b5cc952b43 sp=0x0000001fc78fcfc0 mode 1
Event: 5217.516 Thread 0x000001b5efd13570 DEOPT PACKING pc=0x000001b5ce4de409 sp=0x0000001fc78fd870
Event: 5217.516 Thread 0x000001b5efd13570 DEOPT UNPACKING pc=0x000001b5cc952b43 sp=0x0000001fc78fcd60 mode 1
Event: 5217.516 Thread 0x000001b5efd13570 DEOPT PACKING pc=0x000001b5cd741704 sp=0x0000001fc78fd910
Event: 5217.516 Thread 0x000001b5efd13570 DEOPT UNPACKING pc=0x000001b5cc952b43 sp=0x0000001fc78fce40 mode 1
Event: 5217.516 Thread 0x000001b5efd13570 DEOPT PACKING pc=0x000001b5cdd88e64 sp=0x0000001fc78fda00
Event: 5217.516 Thread 0x000001b5efd13570 DEOPT UNPACKING pc=0x000001b5cc952b43 sp=0x0000001fc78fcf20 mode 1
Event: 5217.516 Thread 0x000001b5efd13570 DEOPT PACKING pc=0x000001b5ce675ea4 sp=0x0000001fc78fdae0
Event: 5217.516 Thread 0x000001b5efd13570 DEOPT UNPACKING pc=0x000001b5cc952b43 sp=0x0000001fc78fcfc0 mode 1
Event: 5304.842 Thread 0x000001b5ee099210 DEOPT PACKING pc=0x000001b5d4dc8ae4 sp=0x0000001fc72fe740
Event: 5304.842 Thread 0x000001b5ee099210 DEOPT UNPACKING pc=0x000001b5cc952b43 sp=0x0000001fc72fdbc8 mode 0

Classes loaded (20 events):
Event: 5107.645 Loading class java/lang/ObjectCustomizer
Event: 5107.645 Loading class java/lang/ObjectCustomizer done
Event: 5107.645 Loading class java/lang/ObjectCustomizer
Event: 5107.645 Loading class java/lang/ObjectCustomizer done
Event: 5152.728 Loading class java/lang/ObjectCustomizer
Event: 5152.728 Loading class java/lang/ObjectCustomizer done
Event: 5152.728 Loading class java/lang/ObjectCustomizer
Event: 5152.728 Loading class java/lang/ObjectCustomizer done
Event: 5152.732 Loading class java/lang/ObjectCustomizer
Event: 5152.732 Loading class java/lang/ObjectCustomizer done
Event: 5152.733 Loading class java/lang/ObjectCustomizer
Event: 5152.733 Loading class java/lang/ObjectCustomizer done
Event: 5154.799 Loading class java/lang/ObjectCustomizer
Event: 5154.799 Loading class java/lang/ObjectCustomizer done
Event: 5154.799 Loading class java/lang/ObjectCustomizer
Event: 5154.799 Loading class java/lang/ObjectCustomizer done
Event: 5154.801 Loading class java/lang/ObjectCustomizer
Event: 5154.801 Loading class java/lang/ObjectCustomizer done
Event: 5154.801 Loading class java/lang/ObjectCustomizer
Event: 5154.801 Loading class java/lang/ObjectCustomizer done

Classes unloaded (20 events):
Event: 5005.966 Thread 0x000001b5e5469e30 Unloading class 0x00000008013d0800 'jdk/internal/reflect/GeneratedSerializationConstructorAccessor75'
Event: 5005.966 Thread 0x000001b5e5469e30 Unloading class 0x0000000801040000 'org/apache/catalina/loader/JdbcLeakPrevention'
Event: 5022.321 Thread 0x000001b5e5469e30 Unloading class 0x0000000801391c00 'jdk/internal/reflect/GeneratedSerializationConstructorAccessor78'
Event: 5022.321 Thread 0x000001b5e5469e30 Unloading class 0x00000008013b8000 'jdk/internal/reflect/GeneratedSerializationConstructorAccessor77'
Event: 5022.321 Thread 0x000001b5e5469e30 Unloading class 0x0000000800e18000 'org/apache/catalina/loader/JdbcLeakPrevention'
Event: 5098.078 Thread 0x000001b5e5469e30 Unloading class 0x0000000800f86400 'jdk/internal/reflect/GeneratedSerializationConstructorAccessor80'
Event: 5098.078 Thread 0x000001b5e5469e30 Unloading class 0x0000000800f8d400 'jdk/internal/reflect/GeneratedSerializationConstructorAccessor79'
Event: 5098.078 Thread 0x000001b5e5469e30 Unloading class 0x0000000801391000 'org/apache/catalina/loader/JdbcLeakPrevention'
Event: 5107.228 Thread 0x000001b5e5469e30 Unloading class 0x0000000800c04400 'jdk/internal/reflect/GeneratedSerializationConstructorAccessor82'
Event: 5107.228 Thread 0x000001b5e5469e30 Unloading class 0x0000000800c05000 'jdk/internal/reflect/GeneratedSerializationConstructorAccessor81'
Event: 5107.228 Thread 0x000001b5e5469e30 Unloading class 0x0000000800f85800 'org/apache/catalina/loader/JdbcLeakPrevention'
Event: 5152.317 Thread 0x000001b5e5469e30 Unloading class 0x000000080161c000 'jdk/internal/reflect/GeneratedSerializationConstructorAccessor84'
Event: 5152.317 Thread 0x000001b5e5469e30 Unloading class 0x0000000801614c00 'jdk/internal/reflect/GeneratedSerializationConstructorAccessor83'
Event: 5152.317 Thread 0x000001b5e5469e30 Unloading class 0x0000000801614000 'org/apache/catalina/loader/JdbcLeakPrevention'
Event: 5154.423 Thread 0x000001b5e5469e30 Unloading class 0x0000000801624800 'jdk/internal/reflect/GeneratedSerializationConstructorAccessor86'
Event: 5154.423 Thread 0x000001b5e5469e30 Unloading class 0x0000000801624000 'jdk/internal/reflect/GeneratedSerializationConstructorAccessor85'
Event: 5154.423 Thread 0x000001b5e5469e30 Unloading class 0x000000080161c800 'org/apache/catalina/loader/JdbcLeakPrevention'
Event: 5216.893 Thread 0x000001b5e5469e30 Unloading class 0x0000000801630400 'jdk/internal/reflect/GeneratedSerializationConstructorAccessor88'
Event: 5216.893 Thread 0x000001b5e5469e30 Unloading class 0x0000000801630000 'jdk/internal/reflect/GeneratedSerializationConstructorAccessor87'
Event: 5216.893 Thread 0x000001b5e5469e30 Unloading class 0x0000000801625800 'org/apache/catalina/loader/JdbcLeakPrevention'

Classes redefined (20 events):
Event: 5152.816 Thread 0x000001b5e5469e30 redefined class name=br.com.luis.challengebackend.service.CategoriaService, count=2
Event: 5152.816 Thread 0x000001b5e5469e30 redefined class name=br.com.luis.challengebackend.service.CategoriaService, count=2
Event: 5152.816 Thread 0x000001b5e5469e30 redefined class name=br.com.luis.challengebackend.service.CategoriaService, count=2
Event: 5152.816 Thread 0x000001b5e5469e30 redefined class name=br.com.luis.challengebackend.service.CategoriaService, count=2
Event: 5152.816 Thread 0x000001b5e5469e30 redefined class name=br.com.luis.challengebackend.service.CategoriaService, count=2
Event: 5152.816 Thread 0x000001b5e5469e30 redefined class name=br.com.luis.challengebackend.service.CategoriaService, count=2
Event: 5152.816 Thread 0x000001b5e5469e30 redefined class name=br.com.luis.challengebackend.service.CategoriaService, count=2
Event: 5152.816 Thread 0x000001b5e5469e30 redefined class name=br.com.luis.challengebackend.service.CategoriaService, count=2
Event: 5152.816 Thread 0x000001b5e5469e30 redefined class name=br.com.luis.challengebackend.service.CategoriaService, count=2
Event: 5152.816 Thread 0x000001b5e5469e30 redefined class name=br.com.luis.challengebackend.service.CategoriaService, count=2
Event: 5152.816 Thread 0x000001b5e5469e30 redefined class name=br.com.luis.challengebackend.service.CategoriaService, count=2
Event: 5152.816 Thread 0x000001b5e5469e30 redefined class name=br.com.luis.challengebackend.service.CategoriaService, count=2
Event: 5152.816 Thread 0x000001b5e5469e30 redefined class name=br.com.luis.challengebackend.service.CategoriaService, count=2
Event: 5152.816 Thread 0x000001b5e5469e30 redefined class name=br.com.luis.challengebackend.service.CategoriaService, count=3
Event: 5152.816 Thread 0x000001b5e5469e30 redefined class name=br.com.luis.challengebackend.service.CategoriaService, count=5
Event: 5152.816 Thread 0x000001b5e5469e30 redefined class name=br.com.luis.challengebackend.service.CategoriaService, count=7
Event: 5152.816 Thread 0x000001b5e5469e30 redefined class name=br.com.luis.challengebackend.service.CategoriaService, count=9
Event: 5152.816 Thread 0x000001b5e5469e30 redefined class name=br.com.luis.challengebackend.service.CategoriaService, count=2
Event: 5152.816 Thread 0x000001b5e5469e30 redefined class name=br.com.luis.challengebackend.service.CategoriaService, count=9
Event: 5152.816 Thread 0x000001b5e5469e30 redefined class name=br.com.luis.challengebackend.service.CategoriaService, count=1

Internal exceptions (20 events):
Event: 5154.673 Thread 0x000001b5ed326960 Exception <a 'sun/nio/fs/WindowsException'{0x00000007071f3f48}> (0x00000007071f3f48) 
thrown [s\open\src\hotspot\share\prims\jni.cpp, line 516]
Event: 5154.682 Thread 0x000001b5ed326960 Exception <a 'java/io/FileNotFoundException'{0x0000000706e2eb20}> (0x0000000706e2eb20) 
thrown [s\open\src\hotspot\share\prims\jni.cpp, line 516]
Event: 5154.694 Thread 0x000001b5ed326960 Exception <a 'java/io/FileNotFoundException'{0x0000000706fa25f0}> (0x0000000706fa25f0) 
thrown [s\open\src\hotspot\share\prims\jni.cpp, line 516]
Event: 5154.799 Thread 0x000001b5ed326960 Exception <a 'java/lang/ClassNotFoundException'{0x0000000706204610}: java/lang/ObjectCustomizer> (0x0000000706204610) 
thrown [s\open\src\hotspot\share\classfile\systemDictionary.cpp, line 255]
Event: 5154.800 Thread 0x000001b5ed326960 Exception <a 'java/lang/ClassNotFoundException'{0x000000070620d3e8}: br/com/luis/challengebackend/model/CategoriaCustomizer> (0x000000070620d3e8) 
thrown [s\open\src\hotspot\share\classfile\systemDictionary.cpp, line 255]
Event: 5154.801 Thread 0x000001b5ed326960 Exception <a 'java/lang/ClassNotFoundException'{0x0000000706243828}: java/lang/ObjectCustomizer> (0x0000000706243828) 
thrown [s\open\src\hotspot\share\classfile\systemDictionary.cpp, line 255]
Event: 5154.802 Thread 0x000001b5ed326960 Exception <a 'java/lang/ClassNotFoundException'{0x000000070624bb90}: br/com/luis/challengebackend/model/VideoCustomizer> (0x000000070624bb90) 
thrown [s\open\src\hotspot\share\classfile\systemDictionary.cpp, line 255]
Event: 5216.866 Thread 0x000001b5ed325620 Exception <a 'java/lang/InterruptedException'{0x000000070856a510}: sleep interrupted> (0x000000070856a510) 
thrown [s\open\src\hotspot\share\prims\jvm.cpp, line 3083]
Event: 5216.958 Thread 0x000001b5ee099210 Exception <a 'sun/nio/fs/WindowsException'{0x0000000708a7aa80}> (0x0000000708a7aa80) 
thrown [s\open\src\hotspot\share\prims\jni.cpp, line 516]
Event: 5217.133 Thread 0x000001b5ee099210 Exception <a 'java/lang/NoClassDefFoundError'{0x00000007079e8100}: org/flywaydb/core/Flyway> (0x00000007079e8100) 
thrown [s\open\src\hotspot\share\oops\constantPool.cpp, line 836]
Event: 5217.134 Thread 0x000001b5ee099210 Exception <a 'java/lang/NoClassDefFoundError'{0x00000007079e8750}: liquibase/integration/spring/SpringLiquibase> (0x00000007079e8750) 
thrown [s\open\src\hotspot\share\oops\constantPool.cpp, line 836]
Event: 5217.137 Thread 0x000001b5ee099210 Exception <a 'java/lang/NoClassDefFoundError'{0x00000007076325c8}: org/jooq/DSLContext> (0x00000007076325c8) 
thrown [s\open\src\hotspot\share\oops\constantPool.cpp, line 836]
Event: 5217.137 Thread 0x000001b5ee099210 Exception <a 'java/lang/NoClassDefFoundError'{0x0000000707633c30}: org/springframework/batch/core/repository/JobRepository> (0x0000000707633c30) 
thrown [s\open\src\hotspot\share\oops\constantPool.cpp, line 836]
Event: 5217.138 Thread 0x000001b5ee099210 Exception <a 'java/lang/NoClassDefFoundError'{0x0000000707634278}: org/quartz/Scheduler> (0x0000000707634278) 
thrown [s\open\src\hotspot\share\oops\constantPool.cpp, line 836]
Event: 5217.139 Thread 0x000001b5ee099210 Exception <a 'java/lang/NoClassDefFoundError'{0x00000007076348e8}: org/springframework/session/jdbc/JdbcIndexedSessionRepository> (0x00000007076348e8) 
thrown [s\open\src\hotspot\share\oops\constantPool.cpp, line 836]
Event: 5217.160 Thread 0x000001b5ee099210 Exception <a 'sun/nio/fs/WindowsException'{0x00000007073eec18}> (0x00000007073eec18) 
thrown [s\open\src\hotspot\share\prims\jni.cpp, line 516]
Event: 5217.161 Thread 0x000001b5ee099210 Exception <a 'sun/nio/fs/WindowsException'{0x00000007073ef280}> (0x00000007073ef280) 
thrown [s\open\src\hotspot\share\prims\jni.cpp, line 516]
Event: 5217.161 Thread 0x000001b5ee099210 Exception <a 'sun/nio/fs/WindowsException'{0x00000007073ef958}> (0x00000007073ef958) 
thrown [s\open\src\hotspot\share\prims\jni.cpp, line 516]
Event: 5217.169 Thread 0x000001b5ee099210 Exception <a 'java/io/FileNotFoundException'{0x000000070702a5c0}> (0x000000070702a5c0) 
thrown [s\open\src\hotspot\share\prims\jni.cpp, line 516]
Event: 5217.181 Thread 0x000001b5ee099210 Exception <a 'java/io/FileNotFoundException'{0x000000070719d698}> (0x000000070719d698) 
thrown [s\open\src\hotspot\share\prims\jni.cpp, line 516]

VM Operations (20 events):
Event: 5352.800 Executing VM operation: get/set locals done
Event: 5352.800 Executing VM operation: get/set locals
Event: 5352.800 Executing VM operation: get/set locals done
Event: 5352.801 Executing VM operation: get/set locals
Event: 5352.801 Executing VM operation: get/set locals done
Event: 5352.801 Executing VM operation: get/set locals
Event: 5352.801 Executing VM operation: get/set locals done
Event: 5352.802 Executing VM operation: get/set locals
Event: 5352.802 Executing VM operation: get/set locals done
Event: 5352.802 Executing VM operation: get/set locals
Event: 5352.802 Executing VM operation: get/set locals done
Event: 5352.803 Executing VM operation: get/set locals
Event: 5352.803 Executing VM operation: get/set locals done
Event: 5352.803 Executing VM operation: get/set locals
Event: 5352.803 Executing VM operation: get/set locals done
Event: 5352.803 Executing VM operation: get/set locals
Event: 5352.804 Executing VM operation: get/set locals done
Event: 5352.804 Executing VM operation: get/set locals
Event: 5352.804 Executing VM operation: get/set locals done
Event: 5365.759 Executing VM operation: G1CollectForAllocation

Events (20 events):
Event: 5216.866 Thread 0x000001b5efd13a40 Thread exited: 0x000001b5efd13a40
Event: 5216.866 Thread 0x000001b5efd148b0 Thread exited: 0x000001b5efd148b0
Event: 5216.867 Thread 0x000001b5ee099210 Thread exited: 0x000001b5ee099210
Event: 5216.867 Thread 0x000001b5ed325620 Thread exited: 0x000001b5ed325620
Event: 5216.867 Thread 0x000001b5ed325150 Thread exited: 0x000001b5ed325150
Event: 5216.867 Thread 0x000001b5ed326490 Thread exited: 0x000001b5ed326490
Event: 5216.871 Thread 0x000001b5ee099210 Thread added: 0x000001b5ee099210
Event: 5216.871 Thread 0x000001b5ed327300 Thread exited: 0x000001b5ed327300
Event: 5216.878 Thread 0x000001b5ee099210 Thread exited: 0x000001b5ee099210
Event: 5216.937 Thread 0x000001b5ee09df10 Thread added: 0x000001b5ee09df10
Event: 5216.937 Thread 0x000001b5ee09df10 Thread exited: 0x000001b5ee09df10
Event: 5216.947 Thread 0x000001b5ee099210 Thread added: 0x000001b5ee099210
Event: 5216.995 Thread 0x000001b5ee09a550 Thread added: 0x000001b5ee09a550
Event: 5217.024 Thread 0x000001b5ee09a550 Thread exited: 0x000001b5ee09a550
Event: 5217.186 Thread 0x000001b5ee09a550 Thread added: 0x000001b5ee09a550
Event: 5217.189 Thread 0x000001b5ee09df10 Thread added: 0x000001b5ee09df10
Event: 5217.198 Thread 0x000001b5ee09b890 Thread added: 0x000001b5ee09b890
Event: 5217.236 Thread 0x000001b5ee097060 Thread added: 0x000001b5ee097060
Event: 5217.352 Thread 0x000001b5efd13570 Thread added: 0x000001b5efd13570
Event: 5222.538 Thread 0x000001b5efd13570 Thread exited: 0x000001b5efd13570


Dynamic libraries:
0x00007ff61dd40000 - 0x00007ff61dd50000 	C:\Program Files\Java\jdk-18.0.2\bin\javaw.exe
0x00007ffe757f0000 - 0x00007ffe759e8000 	C:\Windows\SYSTEM32\ntdll.dll
0x00007ffe73bf0000 - 0x00007ffe73caf000 	C:\Windows\System32\KERNEL32.DLL
0x00007ffe73280000 - 0x00007ffe73552000 	C:\Windows\System32\KERNELBASE.dll
0x00007ffe73020000 - 0x00007ffe73120000 	C:\Windows\System32\ucrtbase.dll
0x00007ffe5e820000 - 0x00007ffe5e83a000 	C:\Program Files\Java\jdk-18.0.2\bin\VCRUNTIME140.dll
0x00007ffe5e9c0000 - 0x00007ffe5e9d8000 	C:\Program Files\Java\jdk-18.0.2\bin\jli.dll
0x00007ffe73de0000 - 0x00007ffe73e8e000 	C:\Windows\System32\ADVAPI32.dll
0x00007ffe744d0000 - 0x00007ffe7456e000 	C:\Windows\System32\msvcrt.dll
0x00007ffe75420000 - 0x00007ffe754bc000 	C:\Windows\System32\sechost.dll
0x00007ffe73cb0000 - 0x00007ffe73dd5000 	C:\Windows\System32\RPCRT4.dll
0x00007ffe754c0000 - 0x00007ffe75661000 	C:\Windows\System32\USER32.dll
0x00007ffe55ae0000 - 0x00007ffe55d7a000 	C:\Windows\WinSxS\amd64_microsoft.windows.common-controls_6595b64144ccf1df_6.0.19041.1110_none_60b5254171f9507e\COMCTL32.dll
0x00007ffe73560000 - 0x00007ffe73582000 	C:\Windows\System32\win32u.dll
0x00007ffe743d0000 - 0x00007ffe743fb000 	C:\Windows\System32\GDI32.dll
0x00007ffe73590000 - 0x00007ffe7369f000 	C:\Windows\System32\gdi32full.dll
0x00007ffe736f0000 - 0x00007ffe7378d000 	C:\Windows\System32\msvcp_win.dll
0x00007ffe6c3b0000 - 0x00007ffe6c3ba000 	C:\Windows\SYSTEM32\VERSION.dll
0x00007ffe74400000 - 0x00007ffe74432000 	C:\Windows\System32\IMM32.DLL
0x00007ffe6eb00000 - 0x00007ffe6eb0c000 	C:\Program Files\Java\jdk-18.0.2\bin\vcruntime140_1.dll
0x00007ffe468b0000 - 0x00007ffe4693d000 	C:\Program Files\Java\jdk-18.0.2\bin\msvcp140.dll
0x00007ffe20c40000 - 0x00007ffe21851000 	C:\Program Files\Java\jdk-18.0.2\bin\server\jvm.dll
0x00007ffe744c0000 - 0x00007ffe744c8000 	C:\Windows\System32\PSAPI.DLL
0x00007ffe6d9f0000 - 0x00007ffe6d9f9000 	C:\Windows\SYSTEM32\WSOCK32.dll
0x00007ffe5fcc0000 - 0x00007ffe5fce7000 	C:\Windows\SYSTEM32\WINMM.dll
0x00007ffe74570000 - 0x00007ffe745db000 	C:\Windows\System32\WS2_32.dll
0x00007ffe70d30000 - 0x00007ffe70d42000 	C:\Windows\SYSTEM32\kernel.appcore.dll
0x00007ffe6e9b0000 - 0x00007ffe6e9ba000 	C:\Program Files\Java\jdk-18.0.2\bin\jimage.dll
0x00007ffe60eb0000 - 0x00007ffe61094000 	C:\Windows\SYSTEM32\DBGHELP.DLL
0x00007ffe5efc0000 - 0x00007ffe5eff5000 	C:\Windows\SYSTEM32\dbgcore.DLL
0x00007ffe72f90000 - 0x00007ffe73012000 	C:\Windows\System32\bcryptPrimitives.dll
0x00007ffe4ade0000 - 0x00007ffe4ae1b000 	C:\Program Files\Java\jdk-18.0.2\bin\jdwp.dll
0x00007ffe6e930000 - 0x00007ffe6e93e000 	C:\Program Files\Java\jdk-18.0.2\bin\instrument.dll
0x00007ffe4d3c0000 - 0x00007ffe4d3e5000 	C:\Program Files\Java\jdk-18.0.2\bin\java.dll
0x00007ffe28870000 - 0x00007ffe28946000 	C:\Program Files\Java\jdk-18.0.2\bin\jsvml.dll
0x00007ffe74cd0000 - 0x00007ffe75414000 	C:\Windows\System32\SHELL32.dll
0x00007ffe70f30000 - 0x00007ffe716c2000 	C:\Windows\SYSTEM32\windows.storage.dll
0x00007ffe73ea0000 - 0x00007ffe741f5000 	C:\Windows\System32\combase.dll
0x00007ffe72830000 - 0x00007ffe72860000 	C:\Windows\SYSTEM32\Wldp.dll
0x00007ffe756d0000 - 0x00007ffe7577d000 	C:\Windows\System32\SHCORE.dll
0x00007ffe75670000 - 0x00007ffe756c5000 	C:\Windows\System32\shlwapi.dll
0x00007ffe72df0000 - 0x00007ffe72e0f000 	C:\Windows\SYSTEM32\profapi.dll
0x00007ffe6dd30000 - 0x00007ffe6dd3c000 	C:\Program Files\Java\jdk-18.0.2\bin\dt_socket.dll
0x00007ffe722d0000 - 0x00007ffe7230b000 	C:\Windows\SYSTEM32\IPHLPAPI.DLL
0x00007ffe72610000 - 0x00007ffe7267a000 	C:\Windows\system32\mswsock.dll
0x00007ffe72310000 - 0x00007ffe723da000 	C:\Windows\SYSTEM32\DNSAPI.dll
0x00007ffe73860000 - 0x00007ffe73868000 	C:\Windows\System32\NSI.dll
0x00007ffe680a0000 - 0x00007ffe680aa000 	C:\Windows\System32\rasadhlp.dll
0x00007ffe680b0000 - 0x00007ffe68130000 	C:\Windows\System32\fwpuclnt.dll
0x00007ffe72eb0000 - 0x00007ffe72ed7000 	C:\Windows\System32\bcrypt.dll
0x00007ffe5d9f0000 - 0x00007ffe5da08000 	C:\Program Files\Java\jdk-18.0.2\bin\zip.dll
0x00007ffe55e80000 - 0x00007ffe55e93000 	C:\Program Files\Java\jdk-18.0.2\bin\net.dll
0x00007ffe69f60000 - 0x00007ffe6a06c000 	C:\Windows\SYSTEM32\WINHTTP.dll
0x00007ffe4caf0000 - 0x00007ffe4cb06000 	C:\Program Files\Java\jdk-18.0.2\bin\nio.dll
0x00007ffe6e8d0000 - 0x00007ffe6e8e0000 	C:\Program Files\Java\jdk-18.0.2\bin\verify.dll
0x00007ffe6e990000 - 0x00007ffe6e999000 	C:\Program Files\Java\jdk-18.0.2\bin\management.dll
0x00007ffe6dd10000 - 0x00007ffe6dd1b000 	C:\Program Files\Java\jdk-18.0.2\bin\management_ext.dll
0x00007ffe3f590000 - 0x00007ffe3f5a7000 	C:\Windows\system32\napinsp.dll
0x00007ffe3f570000 - 0x00007ffe3f58b000 	C:\Windows\system32\pnrpnsp.dll
0x00007ffe45af0000 - 0x00007ffe45b05000 	C:\Windows\system32\wshbth.dll
0x00007ffe6e860000 - 0x00007ffe6e87d000 	C:\Windows\system32\NLAapi.dll
0x00007ffe3f450000 - 0x00007ffe3f462000 	C:\Windows\System32\winrnr.dll
0x00007ffe72870000 - 0x00007ffe72888000 	C:\Windows\SYSTEM32\CRYPTSP.dll
0x00007ffe71ee0000 - 0x00007ffe71f14000 	C:\Windows\system32\rsaenh.dll
0x00007ffe72d70000 - 0x00007ffe72d9e000 	C:\Windows\SYSTEM32\USERENV.dll
0x00007ffe727a0000 - 0x00007ffe727ac000 	C:\Windows\SYSTEM32\CRYPTBASE.dll
0x00007ffe6c390000 - 0x00007ffe6c3a7000 	C:\Windows\SYSTEM32\dhcpcsvc6.DLL
0x00007ffe6c420000 - 0x00007ffe6c43d000 	C:\Windows\SYSTEM32\dhcpcsvc.DLL
0x00007ffe6e9a0000 - 0x00007ffe6e9ae000 	C:\Program Files\Java\jdk-18.0.2\bin\sunmscapi.dll
0x00007ffe73120000 - 0x00007ffe73276000 	C:\Windows\System32\CRYPT32.dll
0x00007ffe72980000 - 0x00007ffe729a7000 	C:\Windows\SYSTEM32\ncrypt.dll
0x00007ffe72940000 - 0x00007ffe7297b000 	C:\Windows\SYSTEM32\NTASN1.dll

dbghelp: loaded successfully - version: 4.0.5 - missing functions: none
symbol engine: initialized successfully - sym options: 0x614 - pdb path: .;C:\Program Files\Java\jdk-18.0.2\bin;C:\Windows\SYSTEM32;C:\Windows\WinSxS\amd64_microsoft.windows.common-controls_6595b64144ccf1df_6.0.19041.1110_none_60b5254171f9507e;C:\Program Files\Java\jdk-18.0.2\bin\server

VM Arguments:
jvm_args: -XX:+ShowCodeDetailsInExceptionMessages -agentlib:jdwp=transport=dt_socket,suspend=y,address=localhost:61540 -javaagent:C:\Users\siul_\eclipse\jee-2022-06\eclipse\configuration\org.eclipse.osgi\407\0\.cp\lib\javaagent-shaded.jar -Dfile.encoding=UTF-8 
java_command: br.com.luis.challengebackend.ChallengeBackendApplication
java_class_path (initial): C:\Users\siul_\eclipse-workspace\challenge-backend\target\classes;C:\Users\siul_\.m2\repository\org\springframework\boot\spring-boot-starter-data-jpa\2.7.6\spring-boot-starter-data-jpa-2.7.6.jar;C:\Users\siul_\.m2\repository\org\springframework\boot\spring-boot-starter-aop\2.7.6\spring-boot-starter-aop-2.7.6.jar;C:\Users\siul_\.m2\repository\org\springframework\spring-aop\5.3.24\spring-aop-5.3.24.jar;C:\Users\siul_\.m2\repository\org\aspectj\aspectjweaver\1.9.7\aspectjweaver-1.9.7.jar;C:\Users\siul_\.m2\repository\org\springframework\boot\spring-boot-starter-jdbc\2.7.6\spring-boot-starter-jdbc-2.7.6.jar;C:\Users\siul_\.m2\repository\com\zaxxer\HikariCP\4.0.3\HikariCP-4.0.3.jar;C:\Users\siul_\.m2\repository\org\springframework\spring-jdbc\5.3.24\spring-jdbc-5.3.24.jar;C:\Users\siul_\.m2\repository\jakarta\transaction\jakarta.transaction-api\1.3.3\jakarta.transaction-api-1.3.3.jar;C:\Users\siul_\.m2\repository\jakarta\persistence\jakarta.persistence-api\2.2.3\jakarta.persistence-api-2.2.3.jar;C:\Users\siul_\.m2\repository\org\hibernate\hibernate-core\5.6.14.Final\hibernate-core-5.6.14.Final.jar;C:\Users\siul_\.m2\repository\org\jboss\logging\jboss-logging\3.4.3.Final\jboss-logging-3.4.3.Final.jar;C:\Users\siul_\.m2\repository\net\bytebuddy\byte-buddy\1.12.19\byte-buddy-1.12.19.jar;C:\Users\siul_\.m2\repository\antlr\antlr\2.7.7\antlr-2.7.7.jar;C:\Users\siul_\.m2\repository\org\jboss\jandex\2.4.2.Final\jandex-2.4.2.Final.jar;C:\Users\siul_\.m2\repository\org\hibernate\common\hibernate-commons-annotations\5.1.2.Final\hibernate-commons-annotations-5.1.2.Final.jar;C:\Users\siul_\.m2\repository\org\glassfish\jaxb\jaxb-runtime\2.3.7\jaxb-runtime-2.3.7.jar;C:\Users\siul_\.m2\repository\org\glassfish\jaxb\txw2\2.3.7\txw2-2.3.7.jar;C:\Users\siul_\.m2\repository\com\sun\istack\istack-commons-runtime\3.0.12\istack-commons-runtime-3.0.12.jar;C:\Users\siul_\.m2\repository\com\sun\activation\jakarta.activation\1.2.2\jakarta.activation-1.2.2.jar;C:\Users\siul_\.m2\repository\org\springframework\data\spring-data-jpa\2.7.6\spring-data-jpa-2.7.6.jar;C:\Users\siul_\.m2\repository\org\springframework\data\spring-data-commons\2.7.6\spring-data-commons-2.7.6.jar;C:\Users\siul_\.m2\repository\org\springframework\spring-orm\5.3.24\spring-orm-5.3.24.jar;C:\Users\siul_\.m2\repository\org\springframework\spring-context\5.3.24\spring-context-5.3.24.jar;C:\Users\siul_\.m2\repository\org\springframework\spring-tx\5.3.24\spring-tx-5.3.24.jar;C:\Users\siul_\.m2\repository\org\springframework\spring-beans\5.3.24\spring-beans-5.3.24.jar;C:\Users\siul_\.m2\repository\org\springframework\spring-aspects\5.3.24\spring-aspects-5.3.24.jar;C:\Users\siul_\.m2\repository\org\springframework\boot\spring-boot-starter-validation\2.7.6\spring-boot-starter-validation-2.7.6.jar;C:\Users\siul_\.m2\repository\org\springframework\boot\spring-boot-starter\2.7.6\spring-boot-starter-2.7.6.jar;C:\Users\siul_\.m2\repository\org\springframework\boot\spring-boot-starter-logging\2.7.6\spring-boot-starter-logging-2.7.6.jar;C:\Users\siul_\.m2\repository\ch\qos\logback\logback-classic\1.2.11\logback-classic-1.2.11.jar;C:\Users\siul_\.m2\repository\ch\qos\logback\logback-core\1.2.11\logback-core-1.2.11.jar;C:\Users\siul_\.m2\repository\org\apache\logging\log4j\log4j-to-slf4j\2.17.2\log4j-to-slf4j-2.17.2.jar;C:\Users\siul_\.m2\repository\org\apache\logging\log4j\log4j-api\2.17.2\log4j-api-2.17.2.jar;C:\Users\siul_\.m2\repository\org\slf4j\jul-to-slf4j\1.7.36\jul-to-slf4j-1.7.36.jar;C:\Users\siul_\.m2\repository\jakarta\annotation\jakarta.annotation-api\1.3.5\jakarta.annotation-api-1.3.5.jar;C:\Users\siul_\.m2\repository\org\yaml\snakeyaml\1.30\snakeyaml-1.30.jar;C:\Users\siul_\.m2\repository\org\apache\tomcat\embed\tomcat-embed-el\9.0.69\tomcat-embed-el-9.0.69.jar;C:\Users\siul_\.m2\repository\org\hibernate\validator\hibernate-validator\6.2.5.Final\hibernate-validator-6.2.5.Final.jar;C:\Users\siul_\.m2\repository\jakarta\validation\jakarta.validation-api\2.0.2\jakarta.validation-api-2.0.2.jar;C:\Users\siul_\.m2\repository\org\springframework\boot\spring-boot-starter-web\2.7.6\spring-boot-starter-web-2.7.6.jar;C:\Users\siul_\.m2\repository\org\springframework\boot\spring-boot-starter-json\2.7.6\spring-boot-starter-json-2.7.6.jar;C:\Users\siul_\.m2\repository\com\fasterxml\jackson\core\jackson-databind\2.13.4.2\jackson-databind-2.13.4.2.jar;C:\Users\siul_\.m2\repository\com\fasterxml\jackson\core\jackson-core\2.13.4\jackson-core-2.13.4.jar;C:\Users\siul_\.m2\repository\com\fasterxml\jackson\datatype\jackson-datatype-jdk8\2.13.4\jackson-datatype-jdk8-2.13.4.jar;C:\Users\siul_\.m2\repository\com\fasterxml\jackson\datatype\jackson-datatype-jsr310\2.13.4\jackson-datatype-jsr310-2.13.4.jar;C:\Users\siul_\.m2\repository\com\fasterxml\jackson\module\jackson-module-parameter-names\2.13.4\jackson-module-parameter-names-2.13.4.jar;C:\Users\siul_\.m2\repository\org\springframework\boot\spring-boot-starter-tomcat\2.7.6\spring-boot-starter-tomcat-2.7.6.jar;C:\Users\siul_\.m2\repository\org\apache\tomcat\embed\tomcat-embed-core\9.0.69\tomcat-embed-core-9.0.69.jar;C:\Users\siul_\.m2\repository\org\apache\tomcat\embed\tomcat-embed-websocket\9.0.69\tomcat-embed-websocket-9.0.69.jar;C:\Users\siul_\.m2\repository\org\springframework\spring-web\5.3.24\spring-web-5.3.24.jar;C:\Users\siul_\.m2\repository\org\springframework\spring-webmvc\5.3.24\spring-webmvc-5.3.24.jar;C:\Users\siul_\.m2\repository\org\springframework\spring-expression\5.3.24\spring-expression-5.3.24.jar;C:\Users\siul_\.m2\repository\org\springframework\boot\spring-boot-devtools\2.7.6\spring-boot-devtools-2.7.6.jar;C:\Users\siul_\.m2\repository\org\springframework\boot\spring-boot\2.7.6\spring-boot-2.7.6.jar;C:\Users\siul_\.m2\repository\org\springframework\boot\spring-boot-autoconfigure\2.7.6\spring-boot-autoconfigure-2.7.6.jar;C:\Users\siul_\.m2\repository\com\mysql\mysql-connector-j\8.0.31\mysql-connector-j-8.0.31.jar;C:\Users\siul_\.m2\repository\org\springframework\boot\spring-boot-configuration-processor\2.7.6\spring-boot-configuration-processor-2.7.6.jar;C:\Users\siul_\.m2\repository\org\modelmapper\modelmapper\3.1.0\modelmapper-3.1.0.jar;C:\Users\siul_\.m2\repository\org\projectlombok\lombok\1.18.24\lombok-1.18.24.jar;C:\Users\siul_\.m2\repository\jakarta\xml\bind\jakarta.xml.bind-api\2.3.3\jakarta.xml.bind-api-2.3.3.jar;C:\Users\siul_\.m2\repository\jakarta\activation\jakarta.activation-api\1.2.2\jakarta.activation-api-1.2.2.jar;C:\Users\siul_\.m2\repository\org\springframework\spring-core\5.3.24\spring-core-5.3.24.jar;C:\Users\siul_\.m2\repository\org\springframework\spring-jcl\5.3.24\spring-jcl-5.3.24.jar;C:\Users\siul_\.m2\repository\io\springfox\springfox-swagger-ui\2.9.2\springfox-swagger-ui-2.9.2.jar;C:\Users\siul_\.m2\repository\io\springfox\springfox-spring-web\2.9.2\springfox-spring-web-2.9.2.jar;C:\Users\siul_\.m2\repository\io\springfox\springfox-swagger2\2.9.2\springfox-swagger2-2.9.2.jar;C:\Users\siul_\.m2\repository\io\swagger\swagger-annotations\1.5.20\swagger-annotations-1.5.20.jar;C:\Users\siul_\.m2\repository\io\swagger\swagger-models\1.5.20\swagger-models-1.5.20.jar;C:\Users\siul_\.m2\repository\com\fasterxml\jackson\core\jackson-annotations\2.13.4\jackson-annotations-2.13.4.jar;C:\Users\siul_\.m2\repository\io\springfox\springfox-spi\2.9.2\springfox-spi-2.9.2.jar;C:\Users\siul_\.m2\repository\io\springfox\springfox-core\2.9.2\springfox-core-2.9.2.jar;C:\Users\siul_\.m2\repository\io\springfox\springfox-schema\2.9.2\springfox-schema-2.9.2.jar;C:\Users\siul_\.m2\repository\io\springfox\springfox-swagger-common\2.9.2\springfox-swagger-common-2.9.2.jar;C:\Users\siul_\.m2\repository\com\google\guava\guava\20.0\guava-20.0.jar;C:\Users\siul_\.m2\repository\com\fasterxml\classmate\1.5.1\classmate-1.5.1.jar;C:\Users\siul_\.m2\repository\org\slf4j\slf4j-api\1.7.36\slf4j-api-1.7.36.jar;C:\Users\siul_\.m2\repository\org\springframework\plugin\spring-plugin-core\1.2.0.RELEASE\spring-plugin-core-1.2.0.RELEASE.jar;C:\Users\siul_\.m2\repository\org\springframework\plugin\spring-plugin-metadata\1.2.0.RELEASE\spring-plugin-metadata-1.2.0.RELEASE.jar;C:\Users\siul_\.m2\repository\org\mapstruct\mapstruct\1.2.0.Final\mapstruct-1.2.0.Final.jar
Launcher Type: SUN_STANDARD

[Global flags]
     intx CICompilerCount                          = 4                                         {product} {ergonomic}
     uint ConcGCThreads                            = 2                                         {product} {ergonomic}
     uint G1ConcRefinementThreads                  = 8                                         {product} {ergonomic}
   size_t G1HeapRegionSize                         = 2097152                                   {product} {ergonomic}
    uintx GCDrainStackTargetSize                   = 64                                        {product} {ergonomic}
   size_t InitialHeapSize                          = 266338304                                 {product} {ergonomic}
   size_t MarkStackSize                            = 4194304                                   {product} {ergonomic}
   size_t MaxHeapSize                              = 4253024256                                {product} {ergonomic}
   size_t MaxNewSize                               = 2550136832                                {product} {ergonomic}
   size_t MinHeapDeltaBytes                        = 2097152                                   {product} {ergonomic}
   size_t MinHeapSize                              = 8388608                                   {product} {ergonomic}
    uintx NonNMethodCodeHeapSize                   = 5839372                                {pd product} {ergonomic}
    uintx NonProfiledCodeHeapSize                  = 122909434                              {pd product} {ergonomic}
    uintx ProfiledCodeHeapSize                     = 122909434                              {pd product} {ergonomic}
    uintx ReservedCodeCacheSize                    = 251658240                              {pd product} {ergonomic}
     bool SegmentedCodeCache                       = true                                      {product} {ergonomic}
     bool ShowCodeDetailsInExceptionMessages       = true                                   {manageable} {command line}
   size_t SoftMaxHeapSize                          = 4253024256                             {manageable} {ergonomic}
     bool UseCompressedClassPointers               = true                           {product lp64_product} {ergonomic}
     bool UseCompressedOops                        = true                           {product lp64_product} {ergonomic}
     bool UseG1GC                                  = true                                      {product} {ergonomic}
     bool UseLargePagesIndividualAllocation        = false                                  {pd product} {ergonomic}

Logging:
Log output configuration:
 #0: stdout all=warning uptime,level,tags foldmultilines=false
 #1: stderr all=off uptime,level,tags foldmultilines=false

Environment Variables:
JAVA_HOME=C:\Program Files\Java\jdk1.8.0_202
PATH=C:\Program Files\Python37\Scripts\;C:\Program Files\Python37\;C:\Program Files\Python\Python310\Scripts\;C:\Program Files\Python\Python310\;C:\Program Files\Common Files\Oracle\Java\javapath;C:\Program Files (x86)\Common Files\Oracle\Java\javapath;C:\Windows\System32\WindowsPowerShell\v1.0\;C:\Windows\system32;C:\Windows;C:\Windows\System32\Wbem;C:\Windows\System32\OpenSSH\;C:\Program Files\NVIDIA Corporation\NVIDIA NvDLISR;C:\Program Files (x86)\NVIDIA Corporation\PhysX\Common;C:\Users\siul_\Documents\git\configs\apache-maven-3.8.4\bin;C:\Program Files\Java\jdk1.8.0_202\bin;C:\Program Files\Go\bin;C:\ProgramData\chocolatey\bin;C:\Program Files\Amazon\AWSCLIV2\;C:\Program Files\nodejs\;C:\Program Files\Git\cmd;C:\Program Files\PuTTY\;C:\Program Files\Docker\Docker\resources\bin;C:\Users\siul_\bin;C:\Users\siul_\AppData\Local\Microsoft\WindowsApps;C:\Users\siul_\AppData\Local\Programs\Microsoft VS Code\bin;C:\Users\siul_\Documents\git\configs\terraform;C:\Users\siul_\go\bin;C:\Users\siul_\AppData\Roaming\npm;C:\Users\siul_\bin;
USERNAME=siul_
OS=Windows_NT
PROCESSOR_IDENTIFIER=Intel64 Family 6 Model 158 Stepping 10, GenuineIntel



---------------  S Y S T E M  ---------------

OS:
 Windows 10 , 64 bit Build 19041 (10.0.19041.2251)
OS uptime: 4 days 0:56 hours
Hyper-V role detected

CPU: total 8 (initial active 8) (4 cores per cpu, 2 threads per core) family 6 model 158 stepping 10 microcode 0xcc, cx8, cmov, fxsr, ht, mmx, 3dnowpref, sse, sse2, sse3, ssse3, sse4.1, sse4.2, popcnt, lzcnt, tsc, tscinvbit, avx, avx2, aes, erms, clmul, bmi1, bmi2, adx, fma, vzeroupper, clflush, clflushopt, hv

Memory: 4k page, system-wide physical 16221M (917M free)
TotalPageFile size 33181M (AvailPageFile size 4784M)
current process WorkingSet (physical memory assigned to process): 347M, peak: 411M
current process commit charge ("private bytes"): 407M, peak: 466M

vm_info: Java HotSpot(TM) 64-Bit Server VM (18.0.2+9-61) for windows-amd64 JRE (18.0.2+9-61), built on Jun  7 2022 13:09:01 by "mach5one" with MS VC++ 16.8 / 16.9 (VS2019)

END.
